<?xml version="1.0" encoding="UTF-8"?>
<!-- Generated by org.testng.reporters.JUnitXMLReporter -->
<testsuite hostname="Hacker-PC" ignored="0" name="Default test" tests="4" failures="0" timestamp="26 Mar 2017 08:35:22 GMT" time="5.757" errors="0">
  <testcase name="loginTest" time="0.009" classname="test.example1Test"/>
  <testcase name="loginTest" time="0.002" classname="test.example1Test"/>
  <testcase name="test1" time="3.648" classname="test.example1Test"/>
  <testcase name="test3" time="2.07" classname="test.example1Test"/>
</testsuite> <!-- Default test -->
