<?xml version="1.0" encoding="UTF-8"?>
<testng-results skipped="0" failed="0" total="4" passed="4">
  <reporter-output>
  </reporter-output>
  <suite name="Suite" duration-ms="3281" started-at="2017-03-26T13:07:00Z" finished-at="2017-03-26T13:07:04Z">
    <groups>
    </groups>
    <test name="Test" duration-ms="3281" started-at="2017-03-26T13:07:00Z" finished-at="2017-03-26T13:07:04Z">
      <class name="test.example1Test">
        <test-method status="PASS" signature="loginTest(java.lang.String, java.lang.String)[pri:0, instance:test.example1Test@1412c2f]" name="loginTest" duration-ms="4" started-at="2017-03-26T18:37:00Z" data-provider="test" finished-at="2017-03-26T18:37:00Z">
          <params>
            <param index="0">
              <value>
                <![CDATA[FirstUid]]>
              </value>
            </param>
            <param index="1">
              <value>
                <![CDATA[FirstPWD]]>
              </value>
            </param>
          </params>
          <reporter-output>
          </reporter-output>
        </test-method> <!-- loginTest -->
        <test-method status="PASS" signature="loginTest(java.lang.String, java.lang.String)[pri:0, instance:test.example1Test@1412c2f]" name="loginTest" duration-ms="1" started-at="2017-03-26T18:37:00Z" data-provider="test" finished-at="2017-03-26T18:37:00Z">
          <params>
            <param index="0">
              <value>
                <![CDATA[SecondUid]]>
              </value>
            </param>
            <param index="1">
              <value>
                <![CDATA[SecondPWD]]>
              </value>
            </param>
          </params>
          <reporter-output>
          </reporter-output>
        </test-method> <!-- loginTest -->
        <test-method status="PASS" signature="test1()[pri:0, instance:test.example1Test@1412c2f]" name="test1" duration-ms="1850" started-at="2017-03-26T18:37:00Z" finished-at="2017-03-26T18:37:02Z">
          <reporter-output>
          </reporter-output>
        </test-method> <!-- test1 -->
        <test-method status="PASS" signature="test3()[pri:0, instance:test.example1Test@1412c2f]" name="test3" duration-ms="1413" started-at="2017-03-26T18:37:02Z" finished-at="2017-03-26T18:37:04Z">
          <reporter-output>
          </reporter-output>
        </test-method> <!-- test3 -->
      </class> <!-- test.example1Test -->
    </test> <!-- Test -->
  </suite> <!-- Suite -->
</testng-results>
